<?xml version="1.0" encoding="UTF-8"?>
<!-- Generated by org.testng.reporters.JUnitReportReporter -->
<testsuite hostname="CJ" failures="0" tests="1" name="runnerClass.RunnerIO" time="7.221" errors="0" timestamp="2024-11-20T07:51:32 IST" skipped="0">
  <testcase classname="runnerClass.RunnerIO" name="runScenario" time="7.221"/>
</testsuite> <!-- runnerClass.RunnerIO -->
